<?xml version="1.0" encoding="UTF-8"?>
<testng-results skipped="0" failed="0" ignored="3" total="5" passed="2">
  <reporter-output>
  </reporter-output>
  <suite name="Suite" duration-ms="65" started-at="2020-02-24T11:38:49Z" finished-at="2020-02-24T11:38:49Z">
    <groups>
      <group name="smoke">
        <method signature="Tc2_selectfacility.fifthclass()[pri:0, instance:com.automation.testcases.Tc2_selectfacility@6093dd95]" name="fifthclass" class="com.automation.testcases.Tc2_selectfacility"/>
        <method signature="Tc2_selectfacility.fourthclass()[pri:0, instance:com.automation.testcases.Tc2_selectfacility@6093dd95]" name="fourthclass" class="com.automation.testcases.Tc2_selectfacility"/>
      </group> <!-- smoke -->
    </groups>
    <test name="Test" duration-ms="65" started-at="2020-02-24T11:38:49Z" finished-at="2020-02-24T11:38:49Z">
      <class name="com.automation.testcases.Tc2_selectfacility">
        <test-method status="PASS" signature="fifthclass()[pri:0, instance:com.automation.testcases.Tc2_selectfacility@6093dd95]" name="fifthclass" duration-ms="13" started-at="2020-02-24T11:38:49Z" finished-at="2020-02-24T11:38:49Z">
          <reporter-output>
          </reporter-output>
        </test-method> <!-- fifthclass -->
        <test-method status="PASS" signature="fourthclass()[pri:0, instance:com.automation.testcases.Tc2_selectfacility@6093dd95]" name="fourthclass" duration-ms="4" started-at="2020-02-24T11:38:49Z" finished-at="2020-02-24T11:38:49Z">
          <reporter-output>
          </reporter-output>
        </test-method> <!-- fourthclass -->
      </class> <!-- com.automation.testcases.Tc2_selectfacility -->
    </test> <!-- Test -->
  </suite> <!-- Suite -->
</testng-results>
