<?xml version="1.0" encoding="UTF-8"?>
<!-- Generated by org.testng.reporters.JUnitXMLReporter -->
<testsuite hostname="DESKTOP-90C26VK" ignored="3" name="Test" tests="2" failures="0" timestamp="24 Feb 2020 11:38:49 GMT" time="0.065" errors="0">
  <testcase name="fifthclass" time="0.013" classname="com.automation.testcases.Tc2_selectfacility"/>
  <testcase name="fourthclass" time="0.004" classname="com.automation.testcases.Tc2_selectfacility"/>
  <testcase name="pullreq" time="0.0" classname="com.automation.testcases.Tc2_selectfacility">
    <ignored/>
  </testcase> <!-- pullreq -->
  <testcase name="anothersecondclass" time="0.0" classname="com.automation.testcases.Tc2_selectfacility">
    <ignored/>
  </testcase> <!-- anothersecondclass -->
  <testcase name="Selectfacility" time="0.0" classname="com.automation.testcases.Tc2_selectfacility">
    <ignored/>
  </testcase> <!-- Selectfacility -->
</testsuite> <!-- Test -->
